[GIN-debug] [WARNING] Creating an Engine instance with the Logger and Recovery middleware already attached.

[GIN-debug] [WARNING] Running in "debug" mode. Switch to "release" mode in production.
 - using env:	export GIN_MODE=release
 - using code:	gin.SetMode(gin.ReleaseMode)

[GIN-debug] GET    /user                     --> userApiTest/controllers.UserShow (3 handlers)
[GIN-debug] POST   /user                     --> userApiTest/controllers.UserLogin (3 handlers)
[GIN-debug] POST   /user/signup              --> userApiTest/controllers.UserSignup (3 handlers)
[GIN-debug] PATCH  /user                     --> userApiTest/controllers.UserEdit (3 handlers)
[GIN-debug] [WARNING] You trusted all proxies, this is NOT safe. We recommend you to set a value.
Please check https://pkg.go.dev/github.com/gin-gonic/gin#readme-don-t-trust-all-proxies for details.
[GIN-debug] Listening and serving HTTP on :8080
[GIN-debug] [WARNING] Creating an Engine instance with the Logger and Recovery middleware already attached.

[GIN-debug] [WARNING] Running in "debug" mode. Switch to "release" mode in production.
 - using env:	export GIN_MODE=release
 - using code:	gin.SetMode(gin.ReleaseMode)

[GIN-debug] GET    /user                     --> userApiTest/controllers.UserShow (3 handlers)
[GIN-debug] POST   /user                     --> userApiTest/controllers.UserLogin (3 handlers)
[GIN-debug] POST   /user/signup              --> userApiTest/controllers.UserSignup (3 handlers)
[GIN-debug] PATCH  /user                     --> userApiTest/controllers.UserEdit (3 handlers)
[GIN-debug] [WARNING] You trusted all proxies, this is NOT safe. We recommend you to set a value.
Please check https://pkg.go.dev/github.com/gin-gonic/gin#readme-don-t-trust-all-proxies for details.
[GIN-debug] Listening and serving HTTP on :8080
[GIN] 2024/07/08 - 13:05:59 | 200 |     837.485µs |             ::1 | GET      "/user"
[GIN] 2024/07/08 - 13:06:01 | 200 |     550.999µs |             ::1 | GET      "/user"
